[1.201s] Invoking command in '/home/endure/TA/yahboomcar_ws/src/yahboomcar_nav': PYTHONPATH=/home/endure/TA/yahboomcar_ws/build/yahboomcar_nav/prefix_override:/usr/lib/python3/dist-packages/colcon_core/task/python/colcon_distutils_commands:/home/endure/TA/yahboomcar_ws/install/yahboomcar_nav/lib/python3.10/site-packages:${PYTHONPATH} /usr/bin/python3 -W ignore:setup.py install is deprecated -W ignore:easy_install command is deprecated setup.py egg_info --egg-base ../../build/yahboomcar_nav build --build-base /home/endure/TA/yahboomcar_ws/build/yahboomcar_nav/build install --record /home/endure/TA/yahboomcar_ws/build/yahboomcar_nav/install.log --single-version-externally-managed install_data
[1.509s] running egg_info
[1.510s] creating ../../build/yahboomcar_nav/yahboomcar_nav.egg-info
[1.510s] writing ../../build/yahboomcar_nav/yahboomcar_nav.egg-info/PKG-INFO
[1.511s] writing dependency_links to ../../build/yahboomcar_nav/yahboomcar_nav.egg-info/dependency_links.txt
[1.511s] writing entry points to ../../build/yahboomcar_nav/yahboomcar_nav.egg-info/entry_points.txt
[1.511s] writing requirements to ../../build/yahboomcar_nav/yahboomcar_nav.egg-info/requires.txt
[1.511s] writing top-level names to ../../build/yahboomcar_nav/yahboomcar_nav.egg-info/top_level.txt
[1.511s] writing manifest file '../../build/yahboomcar_nav/yahboomcar_nav.egg-info/SOURCES.txt'
[1.513s] reading manifest file '../../build/yahboomcar_nav/yahboomcar_nav.egg-info/SOURCES.txt'
[1.515s] writing manifest file '../../build/yahboomcar_nav/yahboomcar_nav.egg-info/SOURCES.txt'
[1.515s] running build
[1.516s] running build_py
[1.516s] creating /home/endure/TA/yahboomcar_ws/build/yahboomcar_nav/build
[1.516s] creating /home/endure/TA/yahboomcar_ws/build/yahboomcar_nav/build/lib
[1.516s] creating /home/endure/TA/yahboomcar_ws/build/yahboomcar_nav/build/lib/yahboomcar_nav
[1.516s] copying yahboomcar_nav/scan_filter.py -> /home/endure/TA/yahboomcar_ws/build/yahboomcar_nav/build/lib/yahboomcar_nav
[1.516s] copying yahboomcar_nav/__init__.py -> /home/endure/TA/yahboomcar_ws/build/yahboomcar_nav/build/lib/yahboomcar_nav
[1.516s] running install
[1.516s] running install_lib
[1.517s] creating /home/endure/TA/yahboomcar_ws/install/yahboomcar_nav/lib/python3.10/site-packages/yahboomcar_nav
[1.517s] copying /home/endure/TA/yahboomcar_ws/build/yahboomcar_nav/build/lib/yahboomcar_nav/scan_filter.py -> /home/endure/TA/yahboomcar_ws/install/yahboomcar_nav/lib/python3.10/site-packages/yahboomcar_nav
[1.517s] copying /home/endure/TA/yahboomcar_ws/build/yahboomcar_nav/build/lib/yahboomcar_nav/__init__.py -> /home/endure/TA/yahboomcar_ws/install/yahboomcar_nav/lib/python3.10/site-packages/yahboomcar_nav
[1.518s] byte-compiling /home/endure/TA/yahboomcar_ws/install/yahboomcar_nav/lib/python3.10/site-packages/yahboomcar_nav/scan_filter.py to scan_filter.cpython-310.pyc
[1.519s] byte-compiling /home/endure/TA/yahboomcar_ws/install/yahboomcar_nav/lib/python3.10/site-packages/yahboomcar_nav/__init__.py to __init__.cpython-310.pyc
[1.519s] running install_data
[1.519s] creating /home/endure/TA/yahboomcar_ws/install/yahboomcar_nav/share/ament_index
[1.519s] creating /home/endure/TA/yahboomcar_ws/install/yahboomcar_nav/share/ament_index/resource_index
[1.519s] creating /home/endure/TA/yahboomcar_ws/install/yahboomcar_nav/share/ament_index/resource_index/packages
[1.519s] copying resource/yahboomcar_nav -> /home/endure/TA/yahboomcar_ws/install/yahboomcar_nav/share/ament_index/resource_index/packages
[1.519s] copying package.xml -> /home/endure/TA/yahboomcar_ws/install/yahboomcar_nav/share/yahboomcar_nav
[1.519s] creating /home/endure/TA/yahboomcar_ws/install/yahboomcar_nav/share/yahboomcar_nav/launch
[1.519s] copying launch/rtabmap_rgbd_launch.py -> /home/endure/TA/yahboomcar_ws/install/yahboomcar_nav/share/yahboomcar_nav/launch
[1.520s] copying launch/navigation_rtabmap_launch.py -> /home/endure/TA/yahboomcar_ws/install/yahboomcar_nav/share/yahboomcar_nav/launch
[1.520s] copying launch/rtabmap_sync_launch.py -> /home/endure/TA/yahboomcar_ws/install/yahboomcar_nav/share/yahboomcar_nav/launch
[1.520s] copying launch/save_map_launch.py -> /home/endure/TA/yahboomcar_ws/install/yahboomcar_nav/share/yahboomcar_nav/launch
[1.520s] copying launch/rtabmap_localization_launch.py -> /home/endure/TA/yahboomcar_ws/install/yahboomcar_nav/share/yahboomcar_nav/launch
[1.520s] copying launch/map_rtabmap_launch.py -> /home/endure/TA/yahboomcar_ws/install/yahboomcar_nav/share/yahboomcar_nav/launch
[1.521s] copying launch/display_nav_launch.py -> /home/endure/TA/yahboomcar_ws/install/yahboomcar_nav/share/yahboomcar_nav/launch
[1.521s] copying launch/display_map_launch.py -> /home/endure/TA/yahboomcar_ws/install/yahboomcar_nav/share/yahboomcar_nav/launch
[1.521s] copying launch/rtabmap_nav_launch.py -> /home/endure/TA/yahboomcar_ws/install/yahboomcar_nav/share/yahboomcar_nav/launch
[1.521s] copying launch/rtabmap_viz_launch.py -> /home/endure/TA/yahboomcar_ws/install/yahboomcar_nav/share/yahboomcar_nav/launch
[1.521s] copying launch/display_rtabmap_nav_launch.py -> /home/endure/TA/yahboomcar_ws/install/yahboomcar_nav/share/yahboomcar_nav/launch
[1.522s] copying launch/display_rtabmap_map_launch.py -> /home/endure/TA/yahboomcar_ws/install/yahboomcar_nav/share/yahboomcar_nav/launch
[1.522s] copying launch/rtabmap_scan_launch.py -> /home/endure/TA/yahboomcar_ws/install/yahboomcar_nav/share/yahboomcar_nav/launch
[1.522s] creating /home/endure/TA/yahboomcar_ws/install/yahboomcar_nav/share/yahboomcar_nav/rviz
[1.522s] copying rviz/rtabmap_nav.rviz -> /home/endure/TA/yahboomcar_ws/install/yahboomcar_nav/share/yahboomcar_nav/rviz
[1.522s] copying rviz/rtabmap_map.rviz -> /home/endure/TA/yahboomcar_ws/install/yahboomcar_nav/share/yahboomcar_nav/rviz
[1.522s] copying rviz/nav.rviz -> /home/endure/TA/yahboomcar_ws/install/yahboomcar_nav/share/yahboomcar_nav/rviz
[1.522s] copying rviz/map.rviz -> /home/endure/TA/yahboomcar_ws/install/yahboomcar_nav/share/yahboomcar_nav/rviz
[1.522s] creating /home/endure/TA/yahboomcar_ws/install/yahboomcar_nav/share/yahboomcar_nav/params
[1.522s] copying params/rtabmap_nav_params.yaml -> /home/endure/TA/yahboomcar_ws/install/yahboomcar_nav/share/yahboomcar_nav/params
[1.522s] copying params/teb_nav_params.yaml -> /home/endure/TA/yahboomcar_ws/install/yahboomcar_nav/share/yahboomcar_nav/params
[1.523s] copying params/lds_2d.lua -> /home/endure/TA/yahboomcar_ws/install/yahboomcar_nav/share/yahboomcar_nav/params
[1.523s] copying params/dwa_nav_params.yaml -> /home/endure/TA/yahboomcar_ws/install/yahboomcar_nav/share/yahboomcar_nav/params
[1.524s] creating /home/endure/TA/yahboomcar_ws/install/yahboomcar_nav/share/yahboomcar_nav/maps
[1.524s] copying maps/yahboomcar.yaml -> /home/endure/TA/yahboomcar_ws/install/yahboomcar_nav/share/yahboomcar_nav/maps
[1.524s] copying maps/yahboomcar.pgm -> /home/endure/TA/yahboomcar_ws/install/yahboomcar_nav/share/yahboomcar_nav/maps
[1.524s] copying maps/yahboomcar2.yaml -> /home/endure/TA/yahboomcar_ws/install/yahboomcar_nav/share/yahboomcar_nav/maps
[1.524s] copying maps/yahboomcar2.pgm -> /home/endure/TA/yahboomcar_ws/install/yahboomcar_nav/share/yahboomcar_nav/maps
[1.524s] copying maps/yahboom_map_lss_carto.yaml -> /home/endure/TA/yahboomcar_ws/install/yahboomcar_nav/share/yahboomcar_nav/maps
[1.524s] copying maps/yahboom_map_lss_carto.pgm -> /home/endure/TA/yahboomcar_ws/install/yahboomcar_nav/share/yahboomcar_nav/maps
[1.524s] running install_egg_info
[1.525s] Copying ../../build/yahboomcar_nav/yahboomcar_nav.egg-info to /home/endure/TA/yahboomcar_ws/install/yahboomcar_nav/lib/python3.10/site-packages/yahboomcar_nav-0.0.0-py3.10.egg-info
[1.525s] running install_scripts
[1.552s] Installing scan_filter script to /home/endure/TA/yahboomcar_ws/install/yahboomcar_nav/lib/yahboomcar_nav
[1.552s] writing list of installed files to '/home/endure/TA/yahboomcar_ws/build/yahboomcar_nav/install.log'
[1.587s] Invoked command in '/home/endure/TA/yahboomcar_ws/src/yahboomcar_nav' returned '0': PYTHONPATH=/home/endure/TA/yahboomcar_ws/build/yahboomcar_nav/prefix_override:/usr/lib/python3/dist-packages/colcon_core/task/python/colcon_distutils_commands:/home/endure/TA/yahboomcar_ws/install/yahboomcar_nav/lib/python3.10/site-packages:${PYTHONPATH} /usr/bin/python3 -W ignore:setup.py install is deprecated -W ignore:easy_install command is deprecated setup.py egg_info --egg-base ../../build/yahboomcar_nav build --build-base /home/endure/TA/yahboomcar_ws/build/yahboomcar_nav/build install --record /home/endure/TA/yahboomcar_ws/build/yahboomcar_nav/install.log --single-version-externally-managed install_data
