/home/endure/TA/yahboomcar_ws/install/yahboomcar_nav/lib/python3.10/site-packages/yahboomcar_nav/scan_filter.py
/home/endure/TA/yahboomcar_ws/install/yahboomcar_nav/lib/python3.10/site-packages/yahboomcar_nav/__init__.py
/home/endure/TA/yahboomcar_ws/install/yahboomcar_nav/lib/python3.10/site-packages/yahboomcar_nav/__pycache__/scan_filter.cpython-310.pyc
/home/endure/TA/yahboomcar_ws/install/yahboomcar_nav/lib/python3.10/site-packages/yahboomcar_nav/__pycache__/__init__.cpython-310.pyc
/home/endure/TA/yahboomcar_ws/install/yahboomcar_nav/share/ament_index/resource_index/packages/yahboomcar_nav
/home/endure/TA/yahboomcar_ws/install/yahboomcar_nav/share/yahboomcar_nav/package.xml
/home/endure/TA/yahboomcar_ws/install/yahboomcar_nav/share/yahboomcar_nav/launch/rtabmap_rgbd_launch.py
/home/endure/TA/yahboomcar_ws/install/yahboomcar_nav/share/yahboomcar_nav/launch/navigation_rtabmap_launch.py
/home/endure/TA/yahboomcar_ws/install/yahboomcar_nav/share/yahboomcar_nav/launch/rtabmap_sync_launch.py
/home/endure/TA/yahboomcar_ws/install/yahboomcar_nav/share/yahboomcar_nav/launch/save_map_launch.py
/home/endure/TA/yahboomcar_ws/install/yahboomcar_nav/share/yahboomcar_nav/launch/rtabmap_localization_launch.py
/home/endure/TA/yahboomcar_ws/install/yahboomcar_nav/share/yahboomcar_nav/launch/map_rtabmap_launch.py
/home/endure/TA/yahboomcar_ws/install/yahboomcar_nav/share/yahboomcar_nav/launch/display_nav_launch.py
/home/endure/TA/yahboomcar_ws/install/yahboomcar_nav/share/yahboomcar_nav/launch/display_map_launch.py
/home/endure/TA/yahboomcar_ws/install/yahboomcar_nav/share/yahboomcar_nav/launch/rtabmap_nav_launch.py
/home/endure/TA/yahboomcar_ws/install/yahboomcar_nav/share/yahboomcar_nav/launch/rtabmap_viz_launch.py
/home/endure/TA/yahboomcar_ws/install/yahboomcar_nav/share/yahboomcar_nav/launch/display_rtabmap_nav_launch.py
/home/endure/TA/yahboomcar_ws/install/yahboomcar_nav/share/yahboomcar_nav/launch/display_rtabmap_map_launch.py
/home/endure/TA/yahboomcar_ws/install/yahboomcar_nav/share/yahboomcar_nav/launch/rtabmap_scan_launch.py
/home/endure/TA/yahboomcar_ws/install/yahboomcar_nav/share/yahboomcar_nav/rviz/rtabmap_nav.rviz
/home/endure/TA/yahboomcar_ws/install/yahboomcar_nav/share/yahboomcar_nav/rviz/rtabmap_map.rviz
/home/endure/TA/yahboomcar_ws/install/yahboomcar_nav/share/yahboomcar_nav/rviz/nav.rviz
/home/endure/TA/yahboomcar_ws/install/yahboomcar_nav/share/yahboomcar_nav/rviz/map.rviz
/home/endure/TA/yahboomcar_ws/install/yahboomcar_nav/share/yahboomcar_nav/params/rtabmap_nav_params.yaml
/home/endure/TA/yahboomcar_ws/install/yahboomcar_nav/share/yahboomcar_nav/params/teb_nav_params.yaml
/home/endure/TA/yahboomcar_ws/install/yahboomcar_nav/share/yahboomcar_nav/params/lds_2d.lua
/home/endure/TA/yahboomcar_ws/install/yahboomcar_nav/share/yahboomcar_nav/params/dwa_nav_params.yaml
/home/endure/TA/yahboomcar_ws/install/yahboomcar_nav/share/yahboomcar_nav/maps/yahboomcar.yaml
/home/endure/TA/yahboomcar_ws/install/yahboomcar_nav/share/yahboomcar_nav/maps/yahboomcar.pgm
/home/endure/TA/yahboomcar_ws/install/yahboomcar_nav/share/yahboomcar_nav/maps/yahboomcar2.yaml
/home/endure/TA/yahboomcar_ws/install/yahboomcar_nav/share/yahboomcar_nav/maps/yahboomcar2.pgm
/home/endure/TA/yahboomcar_ws/install/yahboomcar_nav/share/yahboomcar_nav/maps/yahboom_map_lss_carto.yaml
/home/endure/TA/yahboomcar_ws/install/yahboomcar_nav/share/yahboomcar_nav/maps/yahboom_map_lss_carto.pgm
/home/endure/TA/yahboomcar_ws/install/yahboomcar_nav/lib/python3.10/site-packages/yahboomcar_nav-0.0.0-py3.10.egg-info/SOURCES.txt
/home/endure/TA/yahboomcar_ws/install/yahboomcar_nav/lib/python3.10/site-packages/yahboomcar_nav-0.0.0-py3.10.egg-info/entry_points.txt
/home/endure/TA/yahboomcar_ws/install/yahboomcar_nav/lib/python3.10/site-packages/yahboomcar_nav-0.0.0-py3.10.egg-info/top_level.txt
/home/endure/TA/yahboomcar_ws/install/yahboomcar_nav/lib/python3.10/site-packages/yahboomcar_nav-0.0.0-py3.10.egg-info/requires.txt
/home/endure/TA/yahboomcar_ws/install/yahboomcar_nav/lib/python3.10/site-packages/yahboomcar_nav-0.0.0-py3.10.egg-info/PKG-INFO
/home/endure/TA/yahboomcar_ws/install/yahboomcar_nav/lib/python3.10/site-packages/yahboomcar_nav-0.0.0-py3.10.egg-info/dependency_links.txt
/home/endure/TA/yahboomcar_ws/install/yahboomcar_nav/lib/python3.10/site-packages/yahboomcar_nav-0.0.0-py3.10.egg-info/zip-safe
/home/endure/TA/yahboomcar_ws/install/yahboomcar_nav/lib/yahboomcar_nav/scan_filter
