running egg_info
writing ../../build/yahboomcar_rviz/yahboomcar_rviz.egg-info/PKG-INFO
writing dependency_links to ../../build/yahboomcar_rviz/yahboomcar_rviz.egg-info/dependency_links.txt
writing entry points to ../../build/yahboomcar_rviz/yahboomcar_rviz.egg-info/entry_points.txt
writing requirements to ../../build/yahboomcar_rviz/yahboomcar_rviz.egg-info/requires.txt
writing top-level names to ../../build/yahboomcar_rviz/yahboomcar_rviz.egg-info/top_level.txt
reading manifest file '../../build/yahboomcar_rviz/yahboomcar_rviz.egg-info/SOURCES.txt'
writing manifest file '../../build/yahboomcar_rviz/yahboomcar_rviz.egg-info/SOURCES.txt'
running build
running build_py
running install
running install_lib
running install_data
copying rviz/robot2_nav.rviz -> /home/endure/TA/yahboomcar_ws/install/yahboomcar_rviz/share/yahboomcar_rviz/rviz
copying rviz/robot1_nav.rviz -> /home/endure/TA/yahboomcar_ws/install/yahboomcar_rviz/share/yahboomcar_rviz/rviz
running install_egg_info
removing '/home/endure/TA/yahboomcar_ws/install/yahboomcar_rviz/lib/python3.10/site-packages/yahboomcar_rviz-0.0.0-py3.10.egg-info' (and everything under it)
Copying ../../build/yahboomcar_rviz/yahboomcar_rviz.egg-info to /home/endure/TA/yahboomcar_ws/install/yahboomcar_rviz/lib/python3.10/site-packages/yahboomcar_rviz-0.0.0-py3.10.egg-info
running install_scripts
writing list of installed files to '/home/endure/TA/yahboomcar_ws/build/yahboomcar_rviz/install.log'
