[1.277s] Invoking command in '/home/endure/TA/yahboomcar_ws/src/yahboomcar_rviz': PYTHONPATH=/home/endure/TA/yahboomcar_ws/build/yahboomcar_rviz/prefix_override:/usr/lib/python3/dist-packages/colcon_core/task/python/colcon_distutils_commands:/home/endure/TA/yahboomcar_ws/install/yahboomcar_rviz/lib/python3.10/site-packages:${PYTHONPATH} /usr/bin/python3 -W ignore:setup.py install is deprecated -W ignore:easy_install command is deprecated setup.py egg_info --egg-base ../../build/yahboomcar_rviz build --build-base /home/endure/TA/yahboomcar_ws/build/yahboomcar_rviz/build install --record /home/endure/TA/yahboomcar_ws/build/yahboomcar_rviz/install.log --single-version-externally-managed install_data
[1.586s] running egg_info
[1.587s] writing ../../build/yahboomcar_rviz/yahboomcar_rviz.egg-info/PKG-INFO
[1.587s] writing dependency_links to ../../build/yahboomcar_rviz/yahboomcar_rviz.egg-info/dependency_links.txt
[1.588s] writing entry points to ../../build/yahboomcar_rviz/yahboomcar_rviz.egg-info/entry_points.txt
[1.588s] writing requirements to ../../build/yahboomcar_rviz/yahboomcar_rviz.egg-info/requires.txt
[1.588s] writing top-level names to ../../build/yahboomcar_rviz/yahboomcar_rviz.egg-info/top_level.txt
[1.590s] reading manifest file '../../build/yahboomcar_rviz/yahboomcar_rviz.egg-info/SOURCES.txt'
[1.592s] writing manifest file '../../build/yahboomcar_rviz/yahboomcar_rviz.egg-info/SOURCES.txt'
[1.593s] running build
[1.594s] running build_py
[1.594s] running install
[1.594s] running install_lib
[1.597s] running install_data
[1.598s] copying rviz/robot2_nav.rviz -> /home/endure/TA/yahboomcar_ws/install/yahboomcar_rviz/share/yahboomcar_rviz/rviz
[1.598s] copying rviz/robot1_nav.rviz -> /home/endure/TA/yahboomcar_ws/install/yahboomcar_rviz/share/yahboomcar_rviz/rviz
[1.598s] running install_egg_info
[1.603s] removing '/home/endure/TA/yahboomcar_ws/install/yahboomcar_rviz/lib/python3.10/site-packages/yahboomcar_rviz-0.0.0-py3.10.egg-info' (and everything under it)
[1.604s] Copying ../../build/yahboomcar_rviz/yahboomcar_rviz.egg-info to /home/endure/TA/yahboomcar_ws/install/yahboomcar_rviz/lib/python3.10/site-packages/yahboomcar_rviz-0.0.0-py3.10.egg-info
[1.608s] running install_scripts
[1.648s] writing list of installed files to '/home/endure/TA/yahboomcar_ws/build/yahboomcar_rviz/install.log'
[1.707s] Invoked command in '/home/endure/TA/yahboomcar_ws/src/yahboomcar_rviz' returned '0': PYTHONPATH=/home/endure/TA/yahboomcar_ws/build/yahboomcar_rviz/prefix_override:/usr/lib/python3/dist-packages/colcon_core/task/python/colcon_distutils_commands:/home/endure/TA/yahboomcar_ws/install/yahboomcar_rviz/lib/python3.10/site-packages:${PYTHONPATH} /usr/bin/python3 -W ignore:setup.py install is deprecated -W ignore:easy_install command is deprecated setup.py egg_info --egg-base ../../build/yahboomcar_rviz build --build-base /home/endure/TA/yahboomcar_ws/build/yahboomcar_rviz/build install --record /home/endure/TA/yahboomcar_ws/build/yahboomcar_rviz/install.log --single-version-externally-managed install_data
