[0.886s] Invoking command in '/home/endure/Robot 3/build/gesture_control': CMAKE_PREFIX_PATH=/home/endure/TA/yahboomcar_ws/install/yahboomcar_rviz:/home/endure/TA/yahboomcar_ws/install/yahboomcar_nav:/home/endure/TA/yahboomcar_ws/install/yahboomcar_multi:/home/endure/TA/yahboomcar_ws/install/yahboomcar_description:/opt/ros/humble /usr/bin/cmake /home/endure/Robot 3/src/yahboomcar_deeplearning/gesture_control -DAMENT_CMAKE_SYMLINK_INSTALL=1 -DCMAKE_INSTALL_PREFIX=/home/endure/Robot 3/install/gesture_control
[1.376s] -- The C compiler identification is GNU 11.4.0
[1.961s] -- The CXX compiler identification is GNU 11.4.0
[2.033s] -- Detecting C compiler ABI info
[2.403s] -- Detecting C compiler ABI info - done
[2.465s] -- Check for working C compiler: /usr/bin/cc - skipped
[2.465s] -- Detecting C compile features
[2.466s] -- Detecting C compile features - done
[2.484s] -- Detecting CXX compiler ABI info
[2.891s] -- Detecting CXX compiler ABI info - done
[2.953s] -- Check for working CXX compiler: /usr/bin/c++ - skipped
[2.953s] -- Detecting CXX compile features
[2.955s] -- Detecting CXX compile features - done
[2.983s] -- Found ament_cmake: 1.3.12 (/opt/ros/humble/share/ament_cmake/cmake)
[4.206s] -- Found Python3: /usr/bin/python3 (found version "3.10.12") found components: Interpreter 
[5.077s] -- Override CMake install command with custom implementation using symlinks instead of copying resources
[5.211s] -- Found rclcpp: 16.0.16 (/opt/ros/humble/share/rclcpp/cmake)
[5.359s] -- Found rosidl_generator_c: 3.1.7 (/opt/ros/humble/share/rosidl_generator_c/cmake)
[5.373s] -- Found rosidl_adapter: 3.1.7 (/opt/ros/humble/share/rosidl_adapter/cmake)
[5.406s] -- Found rosidl_generator_cpp: 3.1.7 (/opt/ros/humble/share/rosidl_generator_cpp/cmake)
[5.451s] -- Using all available rosidl_typesupport_c: rosidl_typesupport_fastrtps_c;rosidl_typesupport_introspection_c
[5.513s] -- Using all available rosidl_typesupport_cpp: rosidl_typesupport_fastrtps_cpp;rosidl_typesupport_introspection_cpp
[5.690s] -- Found rmw_implementation_cmake: 6.1.2 (/opt/ros/humble/share/rmw_implementation_cmake/cmake)
[5.696s] -- Found rmw_fastrtps_cpp: 6.2.9 (/opt/ros/humble/share/rmw_fastrtps_cpp/cmake)
[5.973s] -- Found OpenSSL: /usr/lib/x86_64-linux-gnu/libcrypto.so (found version "3.0.2")  
[6.336s] -- Found FastRTPS: /opt/ros/humble/include  
[6.902s] -- Using RMW implementation 'rmw_fastrtps_cpp' as default
[7.079s] -- Looking for pthread.h
[7.585s] -- Looking for pthread.h - found
[7.588s] -- Performing Test CMAKE_HAVE_LIBC_PTHREAD
[8.510s] -- Performing Test CMAKE_HAVE_LIBC_PTHREAD - Success
[8.532s] -- Found Threads: TRUE  
[8.923s] -- Found rclcpp_action: 16.0.16 (/opt/ros/humble/share/rclcpp_action/cmake)
[9.171s] -- Found rosidl_default_generators: 1.2.0 (/opt/ros/humble/share/rosidl_default_generators/cmake)
[9.312s] -- Found geometry_msgs: 4.9.0 (/opt/ros/humble/share/geometry_msgs/cmake)
[9.762s] [31mCMake Error at CMakeLists.txt:43 (find_package):
[9.763s]   By not providing "Findai_msgs.cmake" in CMAKE_MODULE_PATH this project has
[9.763s]   asked CMake to find a package configuration file provided by "ai_msgs", but
[9.763s]   CMake did not find one.
[9.763s] 
[9.763s]   Could not find a package configuration file provided by "ai_msgs" with any
[9.764s]   of the following names:
[9.764s] 
[9.764s]     ai_msgsConfig.cmake
[9.764s]     ai_msgs-config.cmake
[9.764s] 
[9.764s]   Add the installation prefix of "ai_msgs" to CMAKE_PREFIX_PATH or set
[9.765s]   "ai_msgs_DIR" to a directory containing one of the above files.  If
[9.765s]   "ai_msgs" provides a separate development package or SDK, be sure it has
[9.776s]   been installed.
[9.777s] 
[9.777s] [0m
[9.778s] -- Configuring incomplete, errors occurred!
[9.778s] See also "/home/endure/Robot 3/build/gesture_control/CMakeFiles/CMakeOutput.log".
