running egg_info
creating ../../build/yahboomcar_description/yahboomcar_description.egg-info
writing ../../build/yahboomcar_description/yahboomcar_description.egg-info/PKG-INFO
writing dependency_links to ../../build/yahboomcar_description/yahboomcar_description.egg-info/dependency_links.txt
writing entry points to ../../build/yahboomcar_description/yahboomcar_description.egg-info/entry_points.txt
writing requirements to ../../build/yahboomcar_description/yahboomcar_description.egg-info/requires.txt
writing top-level names to ../../build/yahboomcar_description/yahboomcar_description.egg-info/top_level.txt
writing manifest file '../../build/yahboomcar_description/yahboomcar_description.egg-info/SOURCES.txt'
reading manifest file '../../build/yahboomcar_description/yahboomcar_description.egg-info/SOURCES.txt'
writing manifest file '../../build/yahboomcar_description/yahboomcar_description.egg-info/SOURCES.txt'
running build
running build_py
creating /home/endure/TA/yahboomcar_ws/build/yahboomcar_description/build
creating /home/endure/TA/yahboomcar_ws/build/yahboomcar_description/build/lib
creating /home/endure/TA/yahboomcar_ws/build/yahboomcar_description/build/lib/yahboomcar_description
copying yahboomcar_description/__init__.py -> /home/endure/TA/yahboomcar_ws/build/yahboomcar_description/build/lib/yahboomcar_description
running install
running install_lib
creating /home/endure/TA/yahboomcar_ws/install/yahboomcar_description/lib/python3.10/site-packages/yahboomcar_description
copying /home/endure/TA/yahboomcar_ws/build/yahboomcar_description/build/lib/yahboomcar_description/__init__.py -> /home/endure/TA/yahboomcar_ws/install/yahboomcar_description/lib/python3.10/site-packages/yahboomcar_description
byte-compiling /home/endure/TA/yahboomcar_ws/install/yahboomcar_description/lib/python3.10/site-packages/yahboomcar_description/__init__.py to __init__.cpython-310.pyc
running install_data
creating /home/endure/TA/yahboomcar_ws/install/yahboomcar_description/share/ament_index
creating /home/endure/TA/yahboomcar_ws/install/yahboomcar_description/share/ament_index/resource_index
creating /home/endure/TA/yahboomcar_ws/install/yahboomcar_description/share/ament_index/resource_index/packages
copying resource/yahboomcar_description -> /home/endure/TA/yahboomcar_ws/install/yahboomcar_description/share/ament_index/resource_index/packages
copying package.xml -> /home/endure/TA/yahboomcar_ws/install/yahboomcar_description/share/yahboomcar_description
creating /home/endure/TA/yahboomcar_ws/install/yahboomcar_description/share/yahboomcar_description/launch
copying launch/display_launch.py -> /home/endure/TA/yahboomcar_ws/install/yahboomcar_description/share/yahboomcar_description/launch
copying launch/description_launch.py -> /home/endure/TA/yahboomcar_ws/install/yahboomcar_description/share/yahboomcar_description/launch
creating /home/endure/TA/yahboomcar_ws/install/yahboomcar_description/share/yahboomcar_description/urdf
copying urdf/yahboomcar.urdf -> /home/endure/TA/yahboomcar_ws/install/yahboomcar_description/share/yahboomcar_description/urdf
creating /home/endure/TA/yahboomcar_ws/install/yahboomcar_description/share/yahboomcar_description/meshes
copying meshes/left_front_wheel.STL -> /home/endure/TA/yahboomcar_ws/install/yahboomcar_description/share/yahboomcar_description/meshes
copying meshes/left Front_link.STL -> /home/endure/TA/yahboomcar_ws/install/yahboomcar_description/share/yahboomcar_description/meshes
copying meshes/imu_link.STL -> /home/endure/TA/yahboomcar_ws/install/yahboomcar_description/share/yahboomcar_description/meshes
copying meshes/left back_link.STL -> /home/endure/TA/yahboomcar_ws/install/yahboomcar_description/share/yahboomcar_description/meshes
copying meshes/right front_link.STL -> /home/endure/TA/yahboomcar_ws/install/yahboomcar_description/share/yahboomcar_description/meshes
copying meshes/lidar_link.STL -> /home/endure/TA/yahboomcar_ws/install/yahboomcar_description/share/yahboomcar_description/meshes
copying meshes/right_back_wheel.STL -> /home/endure/TA/yahboomcar_ws/install/yahboomcar_description/share/yahboomcar_description/meshes
copying meshes/right back_link.STL -> /home/endure/TA/yahboomcar_ws/install/yahboomcar_description/share/yahboomcar_description/meshes
copying meshes/left_back_wheel.STL -> /home/endure/TA/yahboomcar_ws/install/yahboomcar_description/share/yahboomcar_description/meshes
copying meshes/camera_link.STL -> /home/endure/TA/yahboomcar_ws/install/yahboomcar_description/share/yahboomcar_description/meshes
copying meshes/right_front_wheel.STL -> /home/endure/TA/yahboomcar_ws/install/yahboomcar_description/share/yahboomcar_description/meshes
copying meshes/camera2_link.STL -> /home/endure/TA/yahboomcar_ws/install/yahboomcar_description/share/yahboomcar_description/meshes
copying meshes/base_link.STL -> /home/endure/TA/yahboomcar_ws/install/yahboomcar_description/share/yahboomcar_description/meshes
running install_egg_info
Copying ../../build/yahboomcar_description/yahboomcar_description.egg-info to /home/endure/TA/yahboomcar_ws/install/yahboomcar_description/lib/python3.10/site-packages/yahboomcar_description-0.0.0-py3.10.egg-info
running install_scripts
writing list of installed files to '/home/endure/TA/yahboomcar_ws/build/yahboomcar_description/install.log'
