[1.219s] Invoking command in '/home/endure/TA/yahboomcar_ws/src/yahboomcar_description': PYTHONPATH=/home/endure/TA/yahboomcar_ws/build/yahboomcar_description/prefix_override:/usr/lib/python3/dist-packages/colcon_core/task/python/colcon_distutils_commands:/home/endure/TA/yahboomcar_ws/install/yahboomcar_description/lib/python3.10/site-packages:${PYTHONPATH} /usr/bin/python3 -W ignore:setup.py install is deprecated -W ignore:easy_install command is deprecated setup.py egg_info --egg-base ../../build/yahboomcar_description build --build-base /home/endure/TA/yahboomcar_ws/build/yahboomcar_description/build install --record /home/endure/TA/yahboomcar_ws/build/yahboomcar_description/install.log --single-version-externally-managed install_data
[1.550s] running egg_info
[1.550s] creating ../../build/yahboomcar_description/yahboomcar_description.egg-info
[1.551s] writing ../../build/yahboomcar_description/yahboomcar_description.egg-info/PKG-INFO
[1.555s] writing dependency_links to ../../build/yahboomcar_description/yahboomcar_description.egg-info/dependency_links.txt
[1.556s] writing entry points to ../../build/yahboomcar_description/yahboomcar_description.egg-info/entry_points.txt
[1.556s] writing requirements to ../../build/yahboomcar_description/yahboomcar_description.egg-info/requires.txt
[1.557s] writing top-level names to ../../build/yahboomcar_description/yahboomcar_description.egg-info/top_level.txt
[1.559s] writing manifest file '../../build/yahboomcar_description/yahboomcar_description.egg-info/SOURCES.txt'
[1.561s] reading manifest file '../../build/yahboomcar_description/yahboomcar_description.egg-info/SOURCES.txt'
[1.565s] writing manifest file '../../build/yahboomcar_description/yahboomcar_description.egg-info/SOURCES.txt'
[1.565s] running build
[1.566s] running build_py
[1.566s] creating /home/endure/TA/yahboomcar_ws/build/yahboomcar_description/build
[1.566s] creating /home/endure/TA/yahboomcar_ws/build/yahboomcar_description/build/lib
[1.566s] creating /home/endure/TA/yahboomcar_ws/build/yahboomcar_description/build/lib/yahboomcar_description
[1.566s] copying yahboomcar_description/__init__.py -> /home/endure/TA/yahboomcar_ws/build/yahboomcar_description/build/lib/yahboomcar_description
[1.566s] running install
[1.566s] running install_lib
[1.567s] creating /home/endure/TA/yahboomcar_ws/install/yahboomcar_description/lib/python3.10/site-packages/yahboomcar_description
[1.567s] copying /home/endure/TA/yahboomcar_ws/build/yahboomcar_description/build/lib/yahboomcar_description/__init__.py -> /home/endure/TA/yahboomcar_ws/install/yahboomcar_description/lib/python3.10/site-packages/yahboomcar_description
[1.567s] byte-compiling /home/endure/TA/yahboomcar_ws/install/yahboomcar_description/lib/python3.10/site-packages/yahboomcar_description/__init__.py to __init__.cpython-310.pyc
[1.568s] running install_data
[1.568s] creating /home/endure/TA/yahboomcar_ws/install/yahboomcar_description/share/ament_index
[1.568s] creating /home/endure/TA/yahboomcar_ws/install/yahboomcar_description/share/ament_index/resource_index
[1.568s] creating /home/endure/TA/yahboomcar_ws/install/yahboomcar_description/share/ament_index/resource_index/packages
[1.568s] copying resource/yahboomcar_description -> /home/endure/TA/yahboomcar_ws/install/yahboomcar_description/share/ament_index/resource_index/packages
[1.568s] copying package.xml -> /home/endure/TA/yahboomcar_ws/install/yahboomcar_description/share/yahboomcar_description
[1.568s] creating /home/endure/TA/yahboomcar_ws/install/yahboomcar_description/share/yahboomcar_description/launch
[1.568s] copying launch/display_launch.py -> /home/endure/TA/yahboomcar_ws/install/yahboomcar_description/share/yahboomcar_description/launch
[1.568s] copying launch/description_launch.py -> /home/endure/TA/yahboomcar_ws/install/yahboomcar_description/share/yahboomcar_description/launch
[1.568s] creating /home/endure/TA/yahboomcar_ws/install/yahboomcar_description/share/yahboomcar_description/urdf
[1.568s] copying urdf/yahboomcar.urdf -> /home/endure/TA/yahboomcar_ws/install/yahboomcar_description/share/yahboomcar_description/urdf
[1.569s] creating /home/endure/TA/yahboomcar_ws/install/yahboomcar_description/share/yahboomcar_description/meshes
[1.569s] copying meshes/left_front_wheel.STL -> /home/endure/TA/yahboomcar_ws/install/yahboomcar_description/share/yahboomcar_description/meshes
[1.570s] copying meshes/left Front_link.STL -> /home/endure/TA/yahboomcar_ws/install/yahboomcar_description/share/yahboomcar_description/meshes
[1.572s] copying meshes/imu_link.STL -> /home/endure/TA/yahboomcar_ws/install/yahboomcar_description/share/yahboomcar_description/meshes
[1.585s] copying meshes/left back_link.STL -> /home/endure/TA/yahboomcar_ws/install/yahboomcar_description/share/yahboomcar_description/meshes
[1.587s] copying meshes/right front_link.STL -> /home/endure/TA/yahboomcar_ws/install/yahboomcar_description/share/yahboomcar_description/meshes
[1.588s] copying meshes/lidar_link.STL -> /home/endure/TA/yahboomcar_ws/install/yahboomcar_description/share/yahboomcar_description/meshes
[1.589s] copying meshes/right_back_wheel.STL -> /home/endure/TA/yahboomcar_ws/install/yahboomcar_description/share/yahboomcar_description/meshes
[1.592s] copying meshes/right back_link.STL -> /home/endure/TA/yahboomcar_ws/install/yahboomcar_description/share/yahboomcar_description/meshes
[1.592s] copying meshes/left_back_wheel.STL -> /home/endure/TA/yahboomcar_ws/install/yahboomcar_description/share/yahboomcar_description/meshes
[1.595s] copying meshes/camera_link.STL -> /home/endure/TA/yahboomcar_ws/install/yahboomcar_description/share/yahboomcar_description/meshes
[1.595s] copying meshes/right_front_wheel.STL -> /home/endure/TA/yahboomcar_ws/install/yahboomcar_description/share/yahboomcar_description/meshes
[1.598s] copying meshes/camera2_link.STL -> /home/endure/TA/yahboomcar_ws/install/yahboomcar_description/share/yahboomcar_description/meshes
[1.598s] copying meshes/base_link.STL -> /home/endure/TA/yahboomcar_ws/install/yahboomcar_description/share/yahboomcar_description/meshes
[1.599s] running install_egg_info
[1.602s] Copying ../../build/yahboomcar_description/yahboomcar_description.egg-info to /home/endure/TA/yahboomcar_ws/install/yahboomcar_description/lib/python3.10/site-packages/yahboomcar_description-0.0.0-py3.10.egg-info
[1.603s] running install_scripts
[1.633s] writing list of installed files to '/home/endure/TA/yahboomcar_ws/build/yahboomcar_description/install.log'
[1.664s] Invoked command in '/home/endure/TA/yahboomcar_ws/src/yahboomcar_description' returned '0': PYTHONPATH=/home/endure/TA/yahboomcar_ws/build/yahboomcar_description/prefix_override:/usr/lib/python3/dist-packages/colcon_core/task/python/colcon_distutils_commands:/home/endure/TA/yahboomcar_ws/install/yahboomcar_description/lib/python3.10/site-packages:${PYTHONPATH} /usr/bin/python3 -W ignore:setup.py install is deprecated -W ignore:easy_install command is deprecated setup.py egg_info --egg-base ../../build/yahboomcar_description build --build-base /home/endure/TA/yahboomcar_ws/build/yahboomcar_description/build install --record /home/endure/TA/yahboomcar_ws/build/yahboomcar_description/install.log --single-version-externally-managed install_data
