[1.293s] Invoking command in '/home/endure/TA/yahboomcar_ws/src/yahboomcar_multi': PYTHONPATH=/home/endure/TA/yahboomcar_ws/build/yahboomcar_multi/prefix_override:/usr/lib/python3/dist-packages/colcon_core/task/python/colcon_distutils_commands:/home/endure/TA/yahboomcar_ws/install/yahboomcar_multi/lib/python3.10/site-packages:${PYTHONPATH} /usr/bin/python3 -W ignore:setup.py install is deprecated -W ignore:easy_install command is deprecated setup.py egg_info --egg-base ../../build/yahboomcar_multi build --build-base /home/endure/TA/yahboomcar_ws/build/yahboomcar_multi/build install --record /home/endure/TA/yahboomcar_ws/build/yahboomcar_multi/install.log --single-version-externally-managed install_data
[1.625s] running egg_info
[1.626s] writing ../../build/yahboomcar_multi/yahboomcar_multi.egg-info/PKG-INFO
[1.627s] writing dependency_links to ../../build/yahboomcar_multi/yahboomcar_multi.egg-info/dependency_links.txt
[1.627s] writing entry points to ../../build/yahboomcar_multi/yahboomcar_multi.egg-info/entry_points.txt
[1.627s] writing requirements to ../../build/yahboomcar_multi/yahboomcar_multi.egg-info/requires.txt
[1.628s] writing top-level names to ../../build/yahboomcar_multi/yahboomcar_multi.egg-info/top_level.txt
[1.632s] reading manifest file '../../build/yahboomcar_multi/yahboomcar_multi.egg-info/SOURCES.txt'
[1.632s] writing manifest file '../../build/yahboomcar_multi/yahboomcar_multi.egg-info/SOURCES.txt'
[1.632s] running build
[1.632s] running build_py
[1.633s] running install
[1.634s] running install_lib
[1.636s] running install_data
[1.636s] running install_egg_info
[1.639s] removing '/home/endure/TA/yahboomcar_ws/install/yahboomcar_multi/lib/python3.10/site-packages/yahboomcar_multi-0.0.0-py3.10.egg-info' (and everything under it)
[1.640s] Copying ../../build/yahboomcar_multi/yahboomcar_multi.egg-info to /home/endure/TA/yahboomcar_ws/install/yahboomcar_multi/lib/python3.10/site-packages/yahboomcar_multi-0.0.0-py3.10.egg-info
[1.644s] running install_scripts
[1.690s] Installing listenline script to /home/endure/TA/yahboomcar_ws/install/yahboomcar_multi/lib/yahboomcar_multi
[1.692s] Installing queue script to /home/endure/TA/yahboomcar_ws/install/yahboomcar_multi/lib/yahboomcar_multi
[1.692s] Installing yahboomcar_ctrl script to /home/endure/TA/yahboomcar_ws/install/yahboomcar_multi/lib/yahboomcar_multi
[1.692s] writing list of installed files to '/home/endure/TA/yahboomcar_ws/build/yahboomcar_multi/install.log'
[1.730s] Invoked command in '/home/endure/TA/yahboomcar_ws/src/yahboomcar_multi' returned '0': PYTHONPATH=/home/endure/TA/yahboomcar_ws/build/yahboomcar_multi/prefix_override:/usr/lib/python3/dist-packages/colcon_core/task/python/colcon_distutils_commands:/home/endure/TA/yahboomcar_ws/install/yahboomcar_multi/lib/python3.10/site-packages:${PYTHONPATH} /usr/bin/python3 -W ignore:setup.py install is deprecated -W ignore:easy_install command is deprecated setup.py egg_info --egg-base ../../build/yahboomcar_multi build --build-base /home/endure/TA/yahboomcar_ws/build/yahboomcar_multi/build install --record /home/endure/TA/yahboomcar_ws/build/yahboomcar_multi/install.log --single-version-externally-managed install_data
