/home/endure/TA/yahboomcar_ws/install/yahboomcar_description/lib/python3.10/site-packages/yahboomcar_description/__init__.py
/home/endure/TA/yahboomcar_ws/install/yahboomcar_description/lib/python3.10/site-packages/yahboomcar_description/__pycache__/__init__.cpython-310.pyc
/home/endure/TA/yahboomcar_ws/install/yahboomcar_description/share/ament_index/resource_index/packages/yahboomcar_description
/home/endure/TA/yahboomcar_ws/install/yahboomcar_description/share/yahboomcar_description/package.xml
/home/endure/TA/yahboomcar_ws/install/yahboomcar_description/share/yahboomcar_description/launch/display_launch.py
/home/endure/TA/yahboomcar_ws/install/yahboomcar_description/share/yahboomcar_description/launch/description_launch.py
/home/endure/TA/yahboomcar_ws/install/yahboomcar_description/share/yahboomcar_description/urdf/yahboomcar.urdf
/home/endure/TA/yahboomcar_ws/install/yahboomcar_description/share/yahboomcar_description/meshes/left_front_wheel.STL
/home/endure/TA/yahboomcar_ws/install/yahboomcar_description/share/yahboomcar_description/meshes/left Front_link.STL
/home/endure/TA/yahboomcar_ws/install/yahboomcar_description/share/yahboomcar_description/meshes/imu_link.STL
/home/endure/TA/yahboomcar_ws/install/yahboomcar_description/share/yahboomcar_description/meshes/left back_link.STL
/home/endure/TA/yahboomcar_ws/install/yahboomcar_description/share/yahboomcar_description/meshes/right front_link.STL
/home/endure/TA/yahboomcar_ws/install/yahboomcar_description/share/yahboomcar_description/meshes/lidar_link.STL
/home/endure/TA/yahboomcar_ws/install/yahboomcar_description/share/yahboomcar_description/meshes/right_back_wheel.STL
/home/endure/TA/yahboomcar_ws/install/yahboomcar_description/share/yahboomcar_description/meshes/right back_link.STL
/home/endure/TA/yahboomcar_ws/install/yahboomcar_description/share/yahboomcar_description/meshes/left_back_wheel.STL
/home/endure/TA/yahboomcar_ws/install/yahboomcar_description/share/yahboomcar_description/meshes/camera_link.STL
/home/endure/TA/yahboomcar_ws/install/yahboomcar_description/share/yahboomcar_description/meshes/right_front_wheel.STL
/home/endure/TA/yahboomcar_ws/install/yahboomcar_description/share/yahboomcar_description/meshes/camera2_link.STL
/home/endure/TA/yahboomcar_ws/install/yahboomcar_description/share/yahboomcar_description/meshes/base_link.STL
/home/endure/TA/yahboomcar_ws/install/yahboomcar_description/lib/python3.10/site-packages/yahboomcar_description-0.0.0-py3.10.egg-info/SOURCES.txt
/home/endure/TA/yahboomcar_ws/install/yahboomcar_description/lib/python3.10/site-packages/yahboomcar_description-0.0.0-py3.10.egg-info/entry_points.txt
/home/endure/TA/yahboomcar_ws/install/yahboomcar_description/lib/python3.10/site-packages/yahboomcar_description-0.0.0-py3.10.egg-info/top_level.txt
/home/endure/TA/yahboomcar_ws/install/yahboomcar_description/lib/python3.10/site-packages/yahboomcar_description-0.0.0-py3.10.egg-info/requires.txt
/home/endure/TA/yahboomcar_ws/install/yahboomcar_description/lib/python3.10/site-packages/yahboomcar_description-0.0.0-py3.10.egg-info/PKG-INFO
/home/endure/TA/yahboomcar_ws/install/yahboomcar_description/lib/python3.10/site-packages/yahboomcar_description-0.0.0-py3.10.egg-info/dependency_links.txt
/home/endure/TA/yahboomcar_ws/install/yahboomcar_description/lib/python3.10/site-packages/yahboomcar_description-0.0.0-py3.10.egg-info/zip-safe
