[0.441s] Invoking command in '/home/endure/Robot 3/build/gesture_control': CMAKE_PREFIX_PATH=/home/endure/TA/yahboomcar_ws/install/yahboomcar_rviz:/home/endure/TA/yahboomcar_ws/install/yahboomcar_nav:/home/endure/TA/yahboomcar_ws/install/yahboomcar_multi:/home/endure/TA/yahboomcar_ws/install/yahboomcar_description:/opt/ros/humble /usr/bin/cmake /home/endure/Robot 3/src/yahboomcar_deeplearning/gesture_control -DCMAKE_INSTALL_PREFIX=/home/endure/Robot 3/install/gesture_control
[0.467s] -- Found ament_cmake: 1.3.12 (/opt/ros/humble/share/ament_cmake/cmake)
[0.663s] -- Override CMake install command with custom implementation using symlinks instead of copying resources
[0.687s] -- Found rclcpp: 16.0.16 (/opt/ros/humble/share/rclcpp/cmake)
[0.753s] -- Found rosidl_generator_c: 3.1.7 (/opt/ros/humble/share/rosidl_generator_c/cmake)
[0.757s] -- Found rosidl_adapter: 3.1.7 (/opt/ros/humble/share/rosidl_adapter/cmake)
[0.765s] -- Found rosidl_generator_cpp: 3.1.7 (/opt/ros/humble/share/rosidl_generator_cpp/cmake)
[0.781s] -- Using all available rosidl_typesupport_c: rosidl_typesupport_fastrtps_c;rosidl_typesupport_introspection_c
[0.799s] -- Using all available rosidl_typesupport_cpp: rosidl_typesupport_fastrtps_cpp;rosidl_typesupport_introspection_cpp
[0.865s] -- Found rmw_implementation_cmake: 6.1.2 (/opt/ros/humble/share/rmw_implementation_cmake/cmake)
[0.868s] -- Found rmw_fastrtps_cpp: 6.2.9 (/opt/ros/humble/share/rmw_fastrtps_cpp/cmake)
[1.029s] -- Using RMW implementation 'rmw_fastrtps_cpp' as default
[1.117s] -- Found rclcpp_action: 16.0.16 (/opt/ros/humble/share/rclcpp_action/cmake)
[1.184s] -- Found rosidl_default_generators: 1.2.0 (/opt/ros/humble/share/rosidl_default_generators/cmake)
[1.202s] -- Found geometry_msgs: 4.9.0 (/opt/ros/humble/share/geometry_msgs/cmake)
[1.241s] [31mCMake Error at CMakeLists.txt:43 (find_package):
[1.241s]   By not providing "Findai_msgs.cmake" in CMAKE_MODULE_PATH this project has
[1.241s]   asked CMake to find a package configuration file provided by "ai_msgs", but
[1.241s]   CMake did not find one.
[1.241s] 
[1.241s]   Could not find a package configuration file provided by "ai_msgs" with any
[1.241s]   of the following names:
[1.241s] 
[1.242s]     ai_msgsConfig.cmake
[1.242s]     ai_msgs-config.cmake
[1.242s] 
[1.242s]   Add the installation prefix of "ai_msgs" to CMAKE_PREFIX_PATH or set
[1.242s]   "ai_msgs_DIR" to a directory containing one of the above files.  If
[1.242s]   "ai_msgs" provides a separate development package or SDK, be sure it has
[1.242s]   been installed.
[1.242s] 
[1.242s] [0m
[1.242s] -- Configuring incomplete, errors occurred!
[1.242s] See also "/home/endure/Robot 3/build/gesture_control/CMakeFiles/CMakeOutput.log".
