[1.275s] Invoking command in '/home/endure/TA/yahboomcar_ws/src/yahboomcar_nav': PYTHONPATH=/home/endure/TA/yahboomcar_ws/build/yahboomcar_nav/prefix_override:/usr/lib/python3/dist-packages/colcon_core/task/python/colcon_distutils_commands:/home/endure/TA/yahboomcar_ws/install/yahboomcar_nav/lib/python3.10/site-packages:${PYTHONPATH} /usr/bin/python3 -W ignore:setup.py install is deprecated -W ignore:easy_install command is deprecated setup.py egg_info --egg-base ../../build/yahboomcar_nav build --build-base /home/endure/TA/yahboomcar_ws/build/yahboomcar_nav/build install --record /home/endure/TA/yahboomcar_ws/build/yahboomcar_nav/install.log --single-version-externally-managed install_data
[1.578s] running egg_info
[1.579s] writing ../../build/yahboomcar_nav/yahboomcar_nav.egg-info/PKG-INFO
[1.579s] writing dependency_links to ../../build/yahboomcar_nav/yahboomcar_nav.egg-info/dependency_links.txt
[1.579s] writing entry points to ../../build/yahboomcar_nav/yahboomcar_nav.egg-info/entry_points.txt
[1.579s] writing requirements to ../../build/yahboomcar_nav/yahboomcar_nav.egg-info/requires.txt
[1.579s] writing top-level names to ../../build/yahboomcar_nav/yahboomcar_nav.egg-info/top_level.txt
[1.582s] reading manifest file '../../build/yahboomcar_nav/yahboomcar_nav.egg-info/SOURCES.txt'
[1.584s] writing manifest file '../../build/yahboomcar_nav/yahboomcar_nav.egg-info/SOURCES.txt'
[1.584s] running build
[1.584s] running build_py
[1.586s] running install
[1.587s] running install_lib
[1.590s] running install_data
[1.590s] running install_egg_info
[1.599s] removing '/home/endure/TA/yahboomcar_ws/install/yahboomcar_nav/lib/python3.10/site-packages/yahboomcar_nav-0.0.0-py3.10.egg-info' (and everything under it)
[1.600s] Copying ../../build/yahboomcar_nav/yahboomcar_nav.egg-info to /home/endure/TA/yahboomcar_ws/install/yahboomcar_nav/lib/python3.10/site-packages/yahboomcar_nav-0.0.0-py3.10.egg-info
[1.607s] running install_scripts
[1.630s] Installing scan_filter script to /home/endure/TA/yahboomcar_ws/install/yahboomcar_nav/lib/yahboomcar_nav
[1.631s] writing list of installed files to '/home/endure/TA/yahboomcar_ws/build/yahboomcar_nav/install.log'
[1.678s] Invoked command in '/home/endure/TA/yahboomcar_ws/src/yahboomcar_nav' returned '0': PYTHONPATH=/home/endure/TA/yahboomcar_ws/build/yahboomcar_nav/prefix_override:/usr/lib/python3/dist-packages/colcon_core/task/python/colcon_distutils_commands:/home/endure/TA/yahboomcar_ws/install/yahboomcar_nav/lib/python3.10/site-packages:${PYTHONPATH} /usr/bin/python3 -W ignore:setup.py install is deprecated -W ignore:easy_install command is deprecated setup.py egg_info --egg-base ../../build/yahboomcar_nav build --build-base /home/endure/TA/yahboomcar_ws/build/yahboomcar_nav/build install --record /home/endure/TA/yahboomcar_ws/build/yahboomcar_nav/install.log --single-version-externally-managed install_data
