[1.298s] Invoking command in '/home/endure/TA/yahboomcar_ws/src/yahboomcar_description': PYTHONPATH=/home/endure/TA/yahboomcar_ws/build/yahboomcar_description/prefix_override:/usr/lib/python3/dist-packages/colcon_core/task/python/colcon_distutils_commands:/home/endure/TA/yahboomcar_ws/install/yahboomcar_description/lib/python3.10/site-packages:${PYTHONPATH} /usr/bin/python3 -W ignore:setup.py install is deprecated -W ignore:easy_install command is deprecated setup.py egg_info --egg-base ../../build/yahboomcar_description build --build-base /home/endure/TA/yahboomcar_ws/build/yahboomcar_description/build install --record /home/endure/TA/yahboomcar_ws/build/yahboomcar_description/install.log --single-version-externally-managed install_data
[1.618s] running egg_info
[1.618s] writing ../../build/yahboomcar_description/yahboomcar_description.egg-info/PKG-INFO
[1.618s] writing dependency_links to ../../build/yahboomcar_description/yahboomcar_description.egg-info/dependency_links.txt
[1.618s] writing entry points to ../../build/yahboomcar_description/yahboomcar_description.egg-info/entry_points.txt
[1.618s] writing requirements to ../../build/yahboomcar_description/yahboomcar_description.egg-info/requires.txt
[1.619s] writing top-level names to ../../build/yahboomcar_description/yahboomcar_description.egg-info/top_level.txt
[1.620s] reading manifest file '../../build/yahboomcar_description/yahboomcar_description.egg-info/SOURCES.txt'
[1.622s] writing manifest file '../../build/yahboomcar_description/yahboomcar_description.egg-info/SOURCES.txt'
[1.622s] running build
[1.622s] running build_py
[1.622s] running install
[1.623s] running install_lib
[1.627s] running install_data
[1.627s] running install_egg_info
[1.633s] removing '/home/endure/TA/yahboomcar_ws/install/yahboomcar_description/lib/python3.10/site-packages/yahboomcar_description-0.0.0-py3.10.egg-info' (and everything under it)
[1.633s] Copying ../../build/yahboomcar_description/yahboomcar_description.egg-info to /home/endure/TA/yahboomcar_ws/install/yahboomcar_description/lib/python3.10/site-packages/yahboomcar_description-0.0.0-py3.10.egg-info
[1.640s] running install_scripts
[1.677s] writing list of installed files to '/home/endure/TA/yahboomcar_ws/build/yahboomcar_description/install.log'
[1.731s] Invoked command in '/home/endure/TA/yahboomcar_ws/src/yahboomcar_description' returned '0': PYTHONPATH=/home/endure/TA/yahboomcar_ws/build/yahboomcar_description/prefix_override:/usr/lib/python3/dist-packages/colcon_core/task/python/colcon_distutils_commands:/home/endure/TA/yahboomcar_ws/install/yahboomcar_description/lib/python3.10/site-packages:${PYTHONPATH} /usr/bin/python3 -W ignore:setup.py install is deprecated -W ignore:easy_install command is deprecated setup.py egg_info --egg-base ../../build/yahboomcar_description build --build-base /home/endure/TA/yahboomcar_ws/build/yahboomcar_description/build install --record /home/endure/TA/yahboomcar_ws/build/yahboomcar_description/install.log --single-version-externally-managed install_data
