/home/endure/TA/yahboomcar_ws/install/yahboomcar_rviz/lib/python3.10/site-packages/yahboomcar_rviz/__init__.py
/home/endure/TA/yahboomcar_ws/install/yahboomcar_rviz/lib/python3.10/site-packages/yahboomcar_rviz/__pycache__/__init__.cpython-310.pyc
/home/endure/TA/yahboomcar_ws/install/yahboomcar_rviz/share/ament_index/resource_index/packages/yahboomcar_rviz
/home/endure/TA/yahboomcar_ws/install/yahboomcar_rviz/share/yahboomcar_rviz/package.xml
/home/endure/TA/yahboomcar_ws/install/yahboomcar_rviz/share/yahboomcar_rviz/launch/yahboomcar_urdf_launch.py
/home/endure/TA/yahboomcar_ws/install/yahboomcar_rviz/share/yahboomcar_rviz/launch/yahboomcar_nav_launch.py
/home/endure/TA/yahboomcar_ws/install/yahboomcar_rviz/share/yahboomcar_rviz/launch/display_multi_nav_launch.py
/home/endure/TA/yahboomcar_ws/install/yahboomcar_rviz/share/yahboomcar_rviz/launch/yahboomcar_laser_launch.py
/home/endure/TA/yahboomcar_ws/install/yahboomcar_rviz/share/yahboomcar_rviz/launch/display_nav_launch.py
/home/endure/TA/yahboomcar_ws/install/yahboomcar_rviz/share/yahboomcar_rviz/launch/yahboomcar_mapping_launch.py
/home/endure/TA/yahboomcar_ws/install/yahboomcar_rviz/share/yahboomcar_rviz/urdf/yahboomcar.urdf
/home/endure/TA/yahboomcar_ws/install/yahboomcar_rviz/share/yahboomcar_rviz/meshes/left_front_wheel.STL
/home/endure/TA/yahboomcar_ws/install/yahboomcar_rviz/share/yahboomcar_rviz/meshes/imu_link.STL
/home/endure/TA/yahboomcar_ws/install/yahboomcar_rviz/share/yahboomcar_rviz/meshes/lidar_link.STL
/home/endure/TA/yahboomcar_ws/install/yahboomcar_rviz/share/yahboomcar_rviz/meshes/right_back_wheel.STL
/home/endure/TA/yahboomcar_ws/install/yahboomcar_rviz/share/yahboomcar_rviz/meshes/left Front_Link.STL
/home/endure/TA/yahboomcar_ws/install/yahboomcar_rviz/share/yahboomcar_rviz/meshes/right front_Link.STL
/home/endure/TA/yahboomcar_ws/install/yahboomcar_rviz/share/yahboomcar_rviz/meshes/right back_Link.STL
/home/endure/TA/yahboomcar_ws/install/yahboomcar_rviz/share/yahboomcar_rviz/meshes/left back_Link.STL
/home/endure/TA/yahboomcar_ws/install/yahboomcar_rviz/share/yahboomcar_rviz/meshes/left_back_wheel.STL
/home/endure/TA/yahboomcar_ws/install/yahboomcar_rviz/share/yahboomcar_rviz/meshes/camera_link.STL
/home/endure/TA/yahboomcar_ws/install/yahboomcar_rviz/share/yahboomcar_rviz/meshes/right_front_wheel.STL
/home/endure/TA/yahboomcar_ws/install/yahboomcar_rviz/share/yahboomcar_rviz/meshes/camera2_link.STL
/home/endure/TA/yahboomcar_ws/install/yahboomcar_rviz/share/yahboomcar_rviz/meshes/base_link.STL
/home/endure/TA/yahboomcar_ws/install/yahboomcar_rviz/share/yahboomcar_rviz/rviz/nav_multi.rviz
/home/endure/TA/yahboomcar_ws/install/yahboomcar_rviz/share/yahboomcar_rviz/rviz/laser_scan.rviz
/home/endure/TA/yahboomcar_ws/install/yahboomcar_rviz/share/yahboomcar_rviz/rviz/nav.rviz
/home/endure/TA/yahboomcar_ws/install/yahboomcar_rviz/share/yahboomcar_rviz/rviz/yahboomcar.rviz
/home/endure/TA/yahboomcar_ws/install/yahboomcar_rviz/share/yahboomcar_rviz/rviz/mapping.rviz
/home/endure/TA/yahboomcar_ws/install/yahboomcar_rviz/share/yahboomcar_rviz/rviz/robot2_nav.rviz
/home/endure/TA/yahboomcar_ws/install/yahboomcar_rviz/share/yahboomcar_rviz/rviz/navigation.rviz
/home/endure/TA/yahboomcar_ws/install/yahboomcar_rviz/share/yahboomcar_rviz/rviz/robot1_nav.rviz
/home/endure/TA/yahboomcar_ws/install/yahboomcar_rviz/lib/python3.10/site-packages/yahboomcar_rviz-0.0.0-py3.10.egg-info/SOURCES.txt
/home/endure/TA/yahboomcar_ws/install/yahboomcar_rviz/lib/python3.10/site-packages/yahboomcar_rviz-0.0.0-py3.10.egg-info/entry_points.txt
/home/endure/TA/yahboomcar_ws/install/yahboomcar_rviz/lib/python3.10/site-packages/yahboomcar_rviz-0.0.0-py3.10.egg-info/top_level.txt
/home/endure/TA/yahboomcar_ws/install/yahboomcar_rviz/lib/python3.10/site-packages/yahboomcar_rviz-0.0.0-py3.10.egg-info/requires.txt
/home/endure/TA/yahboomcar_ws/install/yahboomcar_rviz/lib/python3.10/site-packages/yahboomcar_rviz-0.0.0-py3.10.egg-info/PKG-INFO
/home/endure/TA/yahboomcar_ws/install/yahboomcar_rviz/lib/python3.10/site-packages/yahboomcar_rviz-0.0.0-py3.10.egg-info/dependency_links.txt
/home/endure/TA/yahboomcar_ws/install/yahboomcar_rviz/lib/python3.10/site-packages/yahboomcar_rviz-0.0.0-py3.10.egg-info/zip-safe
